gyp info it worked if it ends with ok
gyp info using node-gyp@7.1.2
gyp info using node@16.2.0 | darwin | x64
gyp info find Python using Python version 2.7.16 found at "/System/Library/Frameworks/Python.framework/Versions/2.7/Resources/Python.app/Contents/MacOS/Python"
(node:37708) [DEP0150] DeprecationWarning: Setting process.config is deprecated. In the future the property will be read-only.
(Use `node --trace-deprecation ...` to show where the warning was created)
gyp info spawn /System/Library/Frameworks/Python.framework/Versions/2.7/Resources/Python.app/Contents/MacOS/Python
gyp info spawn args [
gyp info spawn args   '/usr/local/Cellar/node/16.2.0/libexec/lib/node_modules/npm/node_modules/node-gyp/gyp/gyp_main.py',
gyp info spawn args   'binding.gyp',
gyp info spawn args   '-f',
gyp info spawn args   'make',
gyp info spawn args   '-I',
gyp info spawn args   '/Users/glennji/Projects/OpenLumify/openlumify-web/node_modules/uws/build/config.gypi',
gyp info spawn args   '-I',
gyp info spawn args   '/usr/local/Cellar/node/16.2.0/libexec/lib/node_modules/npm/node_modules/node-gyp/addon.gypi',
gyp info spawn args   '-I',
gyp info spawn args   '/Users/glennji/Library/Caches/node-gyp/16.2.0/include/node/common.gypi',
gyp info spawn args   '-Dlibrary=shared_library',
gyp info spawn args   '-Dvisibility=default',
gyp info spawn args   '-Dnode_root_dir=/Users/glennji/Library/Caches/node-gyp/16.2.0',
gyp info spawn args   '-Dnode_gyp_dir=/usr/local/Cellar/node/16.2.0/libexec/lib/node_modules/npm/node_modules/node-gyp',
gyp info spawn args   '-Dnode_lib_file=/Users/glennji/Library/Caches/node-gyp/16.2.0/<(target_arch)/node.lib',
gyp info spawn args   '-Dmodule_root_dir=/Users/glennji/Projects/OpenLumify/openlumify-web/node_modules/uws',
gyp info spawn args   '-Dnode_engine=v8',
gyp info spawn args   '--depth=.',
gyp info spawn args   '--no-parallel',
gyp info spawn args   '--generator-output',
gyp info spawn args   'build',
gyp info spawn args   '-Goutput_dir=.'
gyp info spawn args ]
gyp info spawn make
gyp info spawn args [ 'BUILDTYPE=Release', '-C', 'build' ]
  CXX(target) Release/obj.target/uws/src/Extensions.o
  CXX(target) Release/obj.target/uws/src/Group.o
  CXX(target) Release/obj.target/uws/src/Networking.o
  CXX(target) Release/obj.target/uws/src/Hub.o
  CXX(target) Release/obj.target/uws/src/Node.o
  CXX(target) Release/obj.target/uws/src/WebSocket.o
  CXX(target) Release/obj.target/uws/src/HTTPSocket.o
  CXX(target) Release/obj.target/uws/src/Socket.o
  CXX(target) Release/obj.target/uws/src/addon.o
In file included from ../src/addon.cpp:2:
In file included from ../src/addon.h:1:
In file included from /Users/glennji/Library/Caches/node-gyp/16.2.0/include/node/node.h:63:
In file included from /Users/glennji/Library/Caches/node-gyp/16.2.0/include/node/v8.h:30:
/Users/glennji/Library/Caches/node-gyp/16.2.0/include/node/v8-internal.h:452:38: error: no template named 'remove_cv_t' in namespace 'std'; did you mean 'remove_cv'?
            !std::is_same<Data, std::remove_cv_t<T>>::value>::Perform(data);
                                ~~~~~^~~~~~~~~~~
                                     remove_cv
/Applications/Xcode.app/Contents/Developer/Platforms/MacOSX.platform/Developer/SDKs/MacOSX.sdk/usr/include/c++/v1/type_traits:776:50: note: 'remove_cv' declared here
template <class _Tp> struct _LIBCPP_TEMPLATE_VIS remove_cv
                                                 ^
In file included from ../src/addon.cpp:2:
../src/addon.h:21:15: warning: 'MakeCallback' is deprecated: Use MakeCallback(..., async_context) [-Wdeprecated-declarations]
        node::MakeCallback(isolate, isolate->GetCurrentContext()->Global(), Local<Function>::New(isolate, noop), 0, nullptr);
              ^
/Users/glennji/Library/Caches/node-gyp/16.2.0/include/node/node.h:183:1: note: 'MakeCallback' has been explicitly marked deprecated here
NODE_DEPRECATED("Use MakeCallback(..., async_context)",
^
/Users/glennji/Library/Caches/node-gyp/16.2.0/include/node/node.h:101:20: note: expanded from macro 'NODE_DEPRECATED'
    __attribute__((deprecated(message))) declarator
                   ^
In file included from ../src/addon.cpp:2:
../src/addon.h:37:47: error: no matching constructor for initialization of 'String::Utf8Value'
            utf8Value = new (utf8ValueMemory) String::Utf8Value(value);
                                              ^                 ~~~~~
/Users/glennji/Library/Caches/node-gyp/16.2.0/include/node/v8.h:3554:5: note: candidate constructor not viable: no known conversion from 'const Local<v8::Value>' to 'const v8::String::Utf8Value' for 1st argument
    Utf8Value(const Utf8Value&) = delete;
    ^
/Users/glennji/Library/Caches/node-gyp/16.2.0/include/node/v8.h:3547:5: note: candidate constructor not viable: requires 2 arguments, but 1 was provided
    Utf8Value(Isolate* isolate, Local<v8::Value> obj);
    ^
In file included from ../src/addon.cpp:2:
../src/addon.h:45:73: warning: 'GetContents' is deprecated: Use GetBackingStore. See http://crbug.com/v8/9908. [-Wdeprecated-declarations]
            ArrayBuffer::Contents contents = arrayBufferView->Buffer()->GetContents();
                                                                        ^
/Users/glennji/Library/Caches/node-gyp/16.2.0/include/node/v8.h:5571:3: note: 'GetContents' has been explicitly marked deprecated here
  V8_DEPRECATED("Use GetBackingStore. See http://crbug.com/v8/9908.")
  ^
/Users/glennji/Library/Caches/node-gyp/16.2.0/include/node/v8config.h:415:35: note: expanded from macro 'V8_DEPRECATED'
# define V8_DEPRECATED(message) [[deprecated(message)]]
                                  ^
In file included from ../src/addon.cpp:2:
../src/addon.h:50:59: warning: 'GetContents' is deprecated: Use GetBackingStore. See http://crbug.com/v8/9908. [-Wdeprecated-declarations]
            ArrayBuffer::Contents contents = arrayBuffer->GetContents();
                                                          ^
/Users/glennji/Library/Caches/node-gyp/16.2.0/include/node/v8.h:5571:3: note: 'GetContents' has been explicitly marked deprecated here
  V8_DEPRECATED("Use GetBackingStore. See http://crbug.com/v8/9908.")
  ^
/Users/glennji/Library/Caches/node-gyp/16.2.0/include/node/v8config.h:415:35: note: expanded from macro 'V8_DEPRECATED'
# define V8_DEPRECATED(message) [[deprecated(message)]]
                                  ^
In file included from ../src/addon.cpp:2:
../src/addon.h:79:83: error: too few arguments to function call, single argument 'context' was not specified
    uWS::Group<isServer> *group = hub.createGroup<isServer>(args[0]->IntegerValue(), args[1]->IntegerValue());
                                                            ~~~~~~~~~~~~~~~~~~~~~ ^
/Users/glennji/Library/Caches/node-gyp/16.2.0/include/node/v8.h:3072:40: note: 'IntegerValue' declared here
  V8_WARN_UNUSED_RESULT Maybe<int64_t> IntegerValue(
                                       ^
In file included from ../src/addon.cpp:2:
../src/addon.h:79:108: error: too few arguments to function call, single argument 'context' was not specified
    uWS::Group<isServer> *group = hub.createGroup<isServer>(args[0]->IntegerValue(), args[1]->IntegerValue());
                                                                                     ~~~~~~~~~~~~~~~~~~~~~ ^
/Users/glennji/Library/Caches/node-gyp/16.2.0/include/node/v8.h:3072:40: note: 'IntegerValue' declared here
  V8_WARN_UNUSED_RESULT Maybe<int64_t> IntegerValue(
                                       ^
In file included from ../src/addon.cpp:2:
../src/addon.h:102:72: warning: 'New' is deprecated: Use the version that takes a BackingStore. See http://crbug.com/v8/9908. [-Wdeprecated-declarations]
    return opCode == uWS::OpCode::BINARY ? (Local<Value>) ArrayBuffer::New(isolate, (char *) message, length) : (Local<Value>) String::NewFromUtf8(isolate, message, String::kNormalString, length);
                                                                       ^
/Users/glennji/Library/Caches/node-gyp/16.2.0/include/node/v8.h:5473:3: note: 'New' has been explicitly marked deprecated here
  V8_DEPRECATED(
  ^
/Users/glennji/Library/Caches/node-gyp/16.2.0/include/node/v8config.h:415:35: note: expanded from macro 'V8_DEPRECATED'
# define V8_DEPRECATED(message) [[deprecated(message)]]
                                  ^
In file included from ../src/addon.cpp:2:
../src/addon.h:102:174: error: no member named 'kNormalString' in 'v8::String'
    return opCode == uWS::OpCode::BINARY ? (Local<Value>) ArrayBuffer::New(isolate, (char *) message, length) : (Local<Value>) String::NewFromUtf8(isolate, message, String::kNormalString, length);
                                                                                                                                                                     ~~~~~~~~^
../src/addon.h:163:15: warning: 'MakeCallback' is deprecated: Use MakeCallback(..., async_context) [-Wdeprecated-declarations]
        node::MakeCallback(sc->isolate, sc->isolate->GetCurrentContext()->Global(), Local<Function>::New(sc->isolate, sc->jsCallback), 0, nullptr);
              ^
/Users/glennji/Library/Caches/node-gyp/16.2.0/include/node/node.h:183:1: note: 'MakeCallback' has been explicitly marked deprecated here
NODE_DEPRECATED("Use MakeCallback(..., async_context)",
^
/Users/glennji/Library/Caches/node-gyp/16.2.0/include/node/node.h:101:20: note: expanded from macro 'NODE_DEPRECATED'
    __attribute__((deprecated(message))) declarator
                   ^
In file included from ../src/addon.cpp:2:
../src/addon.h:172:62: error: too few arguments to function call, single argument 'context' was not specified
    uWS::OpCode opCode = (uWS::OpCode) args[2]->IntegerValue();
                                       ~~~~~~~~~~~~~~~~~~~~~ ^
/Users/glennji/Library/Caches/node-gyp/16.2.0/include/node/v8.h:3072:40: note: 'IntegerValue' declared here
  V8_WARN_UNUSED_RESULT Maybe<int64_t> IntegerValue(
                                       ^
In file included from ../src/addon.cpp:2:
../src/addon.h:223:60: error: too few arguments to function call, single argument 'context' was not specified
        uv_fileno((handle = getTcpHandle(args[0]->ToObject()->GetAlignedPointerFromInternalField(0))), (uv_os_fd_t *) &ticket->fd);
                                         ~~~~~~~~~~~~~~~~~ ^
/Users/glennji/Library/Caches/node-gyp/16.2.0/include/node/v8.h:3031:44: note: 'ToObject' declared here
  V8_WARN_UNUSED_RESULT MaybeLocal<Object> ToObject(
                                           ^
In file included from ../src/addon.cpp:2:
../src/addon.h:225:44: error: too few arguments to function call, single argument 'context' was not specified
        ticket->fd = args[0]->IntegerValue();
                     ~~~~~~~~~~~~~~~~~~~~~ ^
/Users/glennji/Library/Caches/node-gyp/16.2.0/include/node/v8.h:3072:40: note: 'IntegerValue' declared here
  V8_WARN_UNUSED_RESULT Maybe<int64_t> IntegerValue(
                                       ^
In file included from ../src/addon.cpp:2:
../src/addon.h:339:15: warning: 'MakeCallback' is deprecated: Use MakeCallback(..., async_context) [-Wdeprecated-declarations]
        node::MakeCallback(isolate, isolate->GetCurrentContext()->Global(), Local<Function>::New(isolate, *errorCallback), 1, argv);
              ^
/Users/glennji/Library/Caches/node-gyp/16.2.0/include/node/node.h:183:1: note: 'MakeCallback' has been explicitly marked deprecated here
NODE_DEPRECATED("Use MakeCallback(..., async_context)",
^
/Users/glennji/Library/Caches/node-gyp/16.2.0/include/node/node.h:101:20: note: expanded from macro 'NODE_DEPRECATED'
    __attribute__((deprecated(message))) declarator
                   ^
In file included from ../src/addon.cpp:2:
../src/addon.h:349:81: error: too few arguments to function call, single argument 'context' was not specified
    unwrapSocket<isServer>(args[0].As<External>())->close(args[1]->IntegerValue(), nativeString.getData(), nativeString.getLength());
                                                          ~~~~~~~~~~~~~~~~~~~~~ ^
/Users/glennji/Library/Caches/node-gyp/16.2.0/include/node/v8.h:3072:40: note: 'IntegerValue' declared here
  V8_WARN_UNUSED_RESULT Maybe<int64_t> IntegerValue(
                                       ^
In file included from ../src/addon.cpp:2:
../src/addon.h:361:40: error: too few arguments to function call, single argument 'context' was not specified
    group->close(args[1]->IntegerValue(), nativeString.getData(), nativeString.getLength());
                 ~~~~~~~~~~~~~~~~~~~~~ ^
/Users/glennji/Library/Caches/node-gyp/16.2.0/include/node/v8.h:3072:40: note: 'IntegerValue' declared here
  V8_WARN_UNUSED_RESULT Maybe<int64_t> IntegerValue(
                                       ^
In file included from ../src/addon.cpp:2:
../src/addon.h:372:48: error: too few arguments to function call, single argument 'isolate' was not specified
    uWS::OpCode opCode = args[2]->BooleanValue() ? uWS::OpCode::BINARY : uWS::OpCode::TEXT;
                         ~~~~~~~~~~~~~~~~~~~~~ ^
/Users/glennji/Library/Caches/node-gyp/16.2.0/include/node/v8.h:3067:8: note: 'BooleanValue' declared here
  bool BooleanValue(Isolate* isolate) const;
       ^
In file included from ../src/addon.cpp:2:
../src/addon.h:379:62: error: too few arguments to function call, single argument 'context' was not specified
    uWS::OpCode opCode = (uWS::OpCode) args[1]->IntegerValue();
                                       ~~~~~~~~~~~~~~~~~~~~~ ^
/Users/glennji/Library/Caches/node-gyp/16.2.0/include/node/v8.h:3072:40: note: 'IntegerValue' declared here
  V8_WARN_UNUSED_RESULT Maybe<int64_t> IntegerValue(
                                       ^
In file included from ../src/addon.cpp:2:
../src/addon.h:403:40: error: too few arguments to function call, expected 4, have 3
        cb->Call(Null(isolate), 1, argv);
        ~~~~~~~~                       ^
/Users/glennji/Library/Caches/node-gyp/16.2.0/include/node/v8.h:4739:43: note: 'Call' declared here
  V8_WARN_UNUSED_RESULT MaybeLocal<Value> Call(Local<Context> context,
                                          ^
In file included from ../src/addon.cpp:2:
../src/addon.h:416:48: error: too few arguments to function call, single argument 'context' was not specified
    group->startAutoPing(args[1]->IntegerValue(), std::string(nativeString.getData(), nativeString.getLength()));
                         ~~~~~~~~~~~~~~~~~~~~~ ^
/Users/glennji/Library/Caches/node-gyp/16.2.0/include/node/v8.h:3072:40: note: 'IntegerValue' declared here
  V8_WARN_UNUSED_RESULT Maybe<int64_t> IntegerValue(
                                       ^
In file included from ../src/addon.cpp:2:
../src/addon.h:425:38: error: too few arguments to function call, single argument 'context' was not specified
    hub.listen(args[1]->IntegerValue(), nullptr, 0, group);
               ~~~~~~~~~~~~~~~~~~~~~ ^
/Users/glennji/Library/Caches/node-gyp/16.2.0/include/node/v8.h:3072:40: note: 'IntegerValue' declared here
  V8_WARN_UNUSED_RESULT Maybe<int64_t> IntegerValue(
                                       ^
In file included from ../src/addon.cpp:2:
../src/addon.h:462:17: error: no matching member function for call to 'Set'
        object->Set(String::NewFromUtf8(isolate, "group"), group);
        ~~~~~~~~^~~
/Users/glennji/Library/Caches/node-gyp/16.2.0/include/node/v8.h:3926:37: note: candidate function not viable: requires 3 arguments, but 2 were provided
  V8_WARN_UNUSED_RESULT Maybe<bool> Set(Local<Context> context,
                                    ^
/Users/glennji/Library/Caches/node-gyp/16.2.0/include/node/v8.h:3929:37: note: candidate function not viable: requires 3 arguments, but 2 were provided
  V8_WARN_UNUSED_RESULT Maybe<bool> Set(Local<Context> context, uint32_t index,
                                    ^
In file included from ../src/addon.cpp:3:
../src/http.h:31:123: error: no member named 'kNormalString' in 'v8::String'
                    args.GetReturnValue().Set(String::NewFromOneByte(args.GetIsolate(), (uint8_t *) header.value, String::kNormalString, header.valueLength));
                                                                                                                  ~~~~~~~~^
../src/http.h:45:112: error: no member named 'kNormalString' in 'v8::String'
                args.GetReturnValue().Set(String::NewFromOneByte(args.GetIsolate(), (uint8_t *) "GET", String::kNormalString, 3));
                                                                                                       ~~~~~~~~^
../src/http.h:48:112: error: no member named 'kNormalString' in 'v8::String'
                args.GetReturnValue().Set(String::NewFromOneByte(args.GetIsolate(), (uint8_t *) "PUT", String::kNormalString, 3));
                                                                                                       ~~~~~~~~^
fatal error: too many errors emitted, stopping now [-ferror-limit=]
6 warnings and 20 errors generated.
make: *** [Release/obj.target/uws/src/addon.o] Error 1
gyp ERR! build error 
gyp ERR! stack Error: `make` failed with exit code: 2
gyp ERR! stack     at ChildProcess.onExit (/usr/local/Cellar/node/16.2.0/libexec/lib/node_modules/npm/node_modules/node-gyp/lib/build.js:194:23)
gyp ERR! stack     at ChildProcess.emit (node:events:365:28)
gyp ERR! stack     at Process.ChildProcess._handle.onexit (node:internal/child_process:290:12)
gyp ERR! System Darwin 20.6.0
gyp ERR! command "/usr/local/Cellar/node/16.2.0/bin/node" "/usr/local/Cellar/node/16.2.0/libexec/lib/node_modules/npm/node_modules/node-gyp/bin/node-gyp.js" "rebuild"
gyp ERR! cwd /Users/glennji/Projects/OpenLumify/openlumify-web/node_modules/uws
gyp ERR! node -v v16.2.0
gyp ERR! node-gyp -v v7.1.2
gyp ERR! not ok 
